<?xml version="1.0" encoding="UTF-8"?><testsuite errors="0" failures="0" name="com.booker.restful.restfulbooker.BookingCRUDTest" skipped="0" tests="4" time="13.2" timestamp="2022-01-11T21:48:01.805Z[Europe/London]"><testcase classname="com.booker.restful.restfulbooker.BookingCRUDTest" name="This will create new booking"/><testcase classname="com.booker.restful.restfulbooker.BookingCRUDTest" name="Verify if the Booking was done correctly"/><testcase classname="com.booker.restful.restfulbooker.BookingCRUDTest" name="Update the Booking and verify the updated information"/><testcase classname="com.booker.restful.restfulbooker.BookingCRUDTest" name="Delete the Booking and verify if the Booking is deleted!"/></testsuite>